[STT Setup] Creating Python 3.11 venv...
[STT Setup] Installing PyTorch CUDA 12.1...
Looking in indexes: https://download.pytorch.org/whl/cu121
Collecting torch==2.1.2+cu121
  Using cached https://download-r2.pytorch.org/whl/cu121/torch-2.1.2%2Bcu121-cp311-cp311-win_amd64.whl (2474.0 MB)
Collecting filelock
  Obtaining dependency information for filelock from https://files.pythonhosted.org/packages/81/47/dd9a212ef6e343a6857485ffe25bba537304f1913bdbed446a23f7f592e1/filelock-3.29.0-py3-none-any.whl.metadata
  Using cached filelock-3.29.0-py3-none-any.whl.metadata (2.0 kB)
Collecting typing-extensions
  Obtaining dependency information for typing-extensions from https://download.pytorch.org/whl/typing_extensions-4.15.0-py3-none-any.whl.metadata
  Using cached https://download.pytorch.org/whl/typing_extensions-4.15.0-py3-none-any.whl.metadata (3.3 kB)
Discarding https://download.pytorch.org/whl/typing_extensions-4.15.0-py3-none-any.whl (from https://download.pytorch.org/whl/cu121/typing-extensions/): Requested typing-extensions from https://download.pytorch.org/whl/typing_extensions-4.15.0-py3-none-any.whl (from torch==2.1.2+cu121) has inconsistent Name: expected 'typing-extensions', but metadata has 'typing_extensions'
  Obtaining dependency information for typing-extensions from https://download.pytorch.org/whl/typing_extensions-4.14.0-py3-none-any.whl.metadata
  Using cached https://download.pytorch.org/whl/typing_extensions-4.14.0-py3-none-any.whl.metadata (3.0 kB)
Discarding https://download.pytorch.org/whl/typing_extensions-4.14.0-py3-none-any.whl (from https://download.pytorch.org/whl/cu121/typing-extensions/): Requested typing-extensions from https://download.pytorch.org/whl/typing_extensions-4.14.0-py3-none-any.whl (from torch==2.1.2+cu121) has inconsistent Name: expected 'typing-extensions', but metadata has 'typing_extensions'
  Obtaining dependency information for typing-extensions from https://download.pytorch.org/whl/typing_extensions-4.12.2-py3-none-any.whl.metadata
  Using cached https://download.pytorch.org/whl/typing_extensions-4.12.2-py3-none-any.whl.metadata (3.0 kB)
Discarding https://download.pytorch.org/whl/typing_extensions-4.12.2-py3-none-any.whl (from https://download.pytorch.org/whl/cu121/typing-extensions/): Requested typing-extensions from https://download.pytorch.org/whl/typing_extensions-4.12.2-py3-none-any.whl (from torch==2.1.2+cu121) has inconsistent Name: expected 'typing-extensions', but metadata has 'typing_extensions'
  Using cached https://download.pytorch.org/whl/typing_extensions-4.9.0-py3-none-any.whl (32 kB)
Collecting sympy
  Obtaining dependency information for sympy from https://files.pythonhosted.org/packages/a2/09/77d55d46fd61b4a135c444fc97158ef34a095e5681d0a6c10b75bf356191/sympy-1.14.0-py3-none-any.whl.metadata
  Using cached sympy-1.14.0-py3-none-any.whl.metadata (12 kB)
Collecting networkx
  Obtaining dependency information for networkx from https://files.pythonhosted.org/packages/9e/c9/b2622292ea83fbb4ec318f5b9ab867d0a28ab43c5717bb85b0a5f6b3b0a4/networkx-3.6.1-py3-none-any.whl.metadata
  Using cached networkx-3.6.1-py3-none-any.whl.metadata (6.8 kB)
Collecting jinja2
  Obtaining dependency information for jinja2 from https://download.pytorch.org/whl/jinja2-3.1.6-py3-none-any.whl.metadata
  Using cached https://download.pytorch.org/whl/jinja2-3.1.6-py3-none-any.whl.metadata (2.9 kB)
Discarding https://download.pytorch.org/whl/jinja2-3.1.6-py3-none-any.whl (from https://download.pytorch.org/whl/cu121/jinja2/): Requested jinja2 from https://download.pytorch.org/whl/jinja2-3.1.6-py3-none-any.whl (from torch==2.1.2+cu121) has inconsistent Name: expected 'jinja2', but metadata has 'Jinja2'
  Obtaining dependency information for jinja2 from https://download.pytorch.org/whl/Jinja2-3.1.4-py3-none-any.whl.metadata
  Using cached https://download.pytorch.org/whl/Jinja2-3.1.4-py3-none-any.whl.metadata (2.6 kB)
Discarding https://download.pytorch.org/whl/Jinja2-3.1.4-py3-none-any.whl#sha256=bc5dd2abb727a5319567b7a813e6a2e7318c39f4f487cfe6c89c6f9c7d25197d (from https://download.pytorch.org/whl/cu121/jinja2/): Requested jinja2 from https://download.pytorch.org/whl/Jinja2-3.1.4-py3-none-any.whl#sha256=bc5dd2abb727a5319567b7a813e6a2e7318c39f4f487cfe6c89c6f9c7d25197d (from torch==2.1.2+cu121) has inconsistent Name: expected 'jinja2', but metadata has 'Jinja2'
  Using cached https://download.pytorch.org/whl/Jinja2-3.1.3-py3-none-any.whl (133 kB)
Collecting fsspec
  Obtaining dependency information for fsspec from https://files.pythonhosted.org/packages/d5/0c/043d5e551459da400957a1395e0febbf771446ff34291afcbe3d8be2a279/fsspec-2026.4.0-py3-none-any.whl.metadata
  Using cached fsspec-2026.4.0-py3-none-any.whl.metadata (10 kB)
Collecting MarkupSafe>=2.0
  Obtaining dependency information for MarkupSafe>=2.0 from https://download.pytorch.org/whl/markupsafe-3.0.3-cp311-cp311-win_amd64.whl.metadata
  Using cached https://download.pytorch.org/whl/markupsafe-3.0.3-cp311-cp311-win_amd64.whl.metadata (2.8 kB)
Collecting mpmath<1.4,>=1.1.0
  Obtaining dependency information for mpmath<1.4,>=1.1.0 from https://files.pythonhosted.org/packages/43/e3/7d92a15f894aa0c9c4b49b8ee9ac9850d6e63b03c9c32c0367a13ae62209/mpmath-1.3.0-py3-none-any.whl.metadata
  Using cached mpmath-1.3.0-py3-none-any.whl.metadata (8.6 kB)
Using cached filelock-3.29.0-py3-none-any.whl (39 kB)
Using cached fsspec-2026.4.0-py3-none-any.whl (203 kB)
Using cached networkx-3.6.1-py3-none-any.whl (2.1 MB)
Using cached sympy-1.14.0-py3-none-any.whl (6.3 MB)
Using cached https://download.pytorch.org/whl/markupsafe-3.0.3-cp311-cp311-win_amd64.whl (15 kB)
Using cached mpmath-1.3.0-py3-none-any.whl (536 kB)
Using cached filelock-3.29.0-py3-none-any.whl (39 kB)
Using cached fsspec-2026.4.0-py3-none-any.whl (203 kB)
Using cached networkx-3.6.1-py3-none-any.whl (2.1 MB)
Using cached sympy-1.14.0-py3-none-any.whl (6.3 MB)
Using cached https://download.pytorch.org/whl/markupsafe-3.0.3-cp311-cp311-win_amd64.whl (15 kB)
Using cached mpmath-1.3.0-py3-none-any.whl (536 kB)
Installing collected packages: mpmath, typing-extensions, sympy, networkx, MarkupSafe, fsspec, filelock, jinja2, torch
Successfully installed MarkupSafe-3.0.3 filelock-3.29.0 fsspec-2026.4.0 jinja2-3.1.3 mpmath-1.3.0 networkx-3.6.1 sympy-1.14.0 torch-2.1.2+cu121 typing-extensions-4.9.0
[STT Setup] Installing NeMo ASR toolkit...
Collecting nemo_toolkit[asr]
  Downloading nemo_toolkit-2.7.3-py3-none-any.whl (6.0 MB)
     ---------------------------------------- 6.0/6.0 MB 18.3 MB/s eta 0:00:00
Collecting cuda-bindings
  Downloading cuda_bindings-13.3.1-cp311-cp311-win_amd64.whl (5.7 MB)
     ---------------------------------------- 5.7/5.7 MB 45.2 MB/s eta 0:00:00
Collecting fsspec==2024.12.0
  Downloading fsspec-2024.12.0-py3-none-any.whl (183 kB)
     ---------------------------------------- 183.9/183.9 kB ? eta 0:00:00
Collecting huggingface_hub>=0.24
  Using cached huggingface_hub-1.19.0-py3-none-any.whl (693 kB)
Collecting numexpr<2.14.0
  Downloading numexpr-2.13.1-cp311-cp311-win_amd64.whl (159 kB)
     ---------------------------------------- 159.9/159.9 kB ? eta 0:00:00
Collecting numpy>=1.22
  Using cached numpy-2.4.6-cp311-cp311-win_amd64.whl (12.6 MB)
Collecting onnx>=1.7.0
  Downloading onnx-1.22.0-cp311-cp311-win_amd64.whl (17.2 MB)
     --------------------------------------- 17.2/17.2 MB 59.8 MB/s eta 0:00:00
Collecting protobuf~=5.29.5
  Downloading protobuf-5.29.6-cp310-abi3-win_amd64.whl (435 kB)
     ---------------------------------------- 435.2/435.2 kB ? eta 0:00:00
Collecting python-dateutil
  Using cached python_dateutil-2.9.0.post0-py2.py3-none-any.whl (229 kB)
Collecting ruamel.yaml
  Downloading ruamel_yaml-0.19.1-py3-none-any.whl (118 kB)
     ---------------------------------------- 118.1/118.1 kB ? eta 0:00:00
Collecting scikit-learn
  Using cached scikit_learn-1.9.0-cp311-cp311-win_amd64.whl (8.3 MB)
Collecting setuptools>=70.0.0
  Using cached setuptools-82.0.1-py3-none-any.whl (1.0 MB)
Collecting tensorboard
  Using cached tensorboard-2.20.0-py3-none-any.whl (5.5 MB)
Collecting text-unidecode
  Downloading text_unidecode-1.3-py2.py3-none-any.whl (78 kB)
     ---------------------------------------- 78.2/78.2 kB 4.2 MB/s eta 0:00:00
Collecting torch>=2.6.0
  Using cached torch-2.12.0-cp311-cp311-win_amd64.whl (123.0 MB)
Collecting tqdm>=4.41.0
  Downloading tqdm-4.68.3-py3-none-any.whl (78 kB)
     ---------------------------------------- 78.3/78.3 kB ? eta 0:00:00
Collecting wget
  Downloading wget-3.2.zip (10 kB)
  Preparing metadata (setup.py): started
  Preparing metadata (setup.py): finished with status 'done'
Collecting wrapt
  Using cached wrapt-2.2.1-cp311-cp311-win_amd64.whl (80 kB)
Collecting braceexpand
  Downloading braceexpand-0.1.7-py2.py3-none-any.whl (5.9 kB)
Collecting editdistance
  Downloading editdistance-0.8.1-cp311-cp311-win_amd64.whl (79 kB)
     ---------------------------------------- 79.7/79.7 kB ? eta 0:00:00
Collecting einops
  Using cached einops-0.8.2-py3-none-any.whl (65 kB)
Collecting jiwer<4.0.0,>=3.1.0
  Downloading jiwer-3.1.0-py3-none-any.whl (22 kB)
Collecting kaldi-python-io
  Downloading kaldi-python-io-1.2.2.tar.gz (8.8 kB)
  Preparing metadata (setup.py): started
  Preparing metadata (setup.py): finished with status 'done'
Collecting kaldialign<=0.9.1
  Downloading kaldialign-0.9.1-cp311-cp311-win_amd64.whl (70 kB)
     ---------------------------------------- 70.1/70.1 kB 3.7 MB/s eta 0:00:00
Collecting lhotse>=1.32.2
  Downloading lhotse-1.33.0-py3-none-any.whl (903 kB)
     ------------------------------------- 903.9/903.9 kB 59.6 MB/s eta 0:00:00
Collecting librosa>=0.10.1
  Using cached librosa-0.11.0-py3-none-any.whl (260 kB)
Collecting marshmallow
  Downloading marshmallow-4.3.0-py3-none-any.whl (49 kB)
     ---------------------------------------- 49.1/49.1 kB 2.6 MB/s eta 0:00:00
Collecting optuna
  Downloading optuna-4.9.0-py3-none-any.whl (425 kB)
     ------------------------------------- 425.6/425.6 kB 26.0 MB/s eta 0:00:00
Collecting packaging
  Using cached packaging-26.2-py3-none-any.whl (100 kB)
Collecting pyannote.core
  Downloading pyannote_core-6.0.1-py3-none-any.whl (57 kB)
     ---------------------------------------- 57.5/57.5 kB ? eta 0:00:00
Collecting pyannote.metrics
  Downloading pyannote_metrics-4.1-py3-none-any.whl (52 kB)
     ---------------------------------------- 52.1/52.1 kB 2.6 MB/s eta 0:00:00
Collecting pydub
  Downloading pydub-0.25.1-py2.py3-none-any.whl (32 kB)
Collecting pyloudnorm
  Downloading pyloudnorm-0.2.0-py3-none-any.whl (10 kB)
Collecting resampy
  Downloading resampy-0.4.3-py3-none-any.whl (3.1 MB)
     ---------------------------------------- 3.1/3.1 MB 66.7 MB/s eta 0:00:00
Collecting sacrebleu
  Downloading sacrebleu-2.6.0-py3-none-any.whl (100 kB)
     ---------------------------------------- 100.8/100.8 kB ? eta 0:00:00
Collecting scipy>=0.14
  Using cached scipy-1.17.1-cp311-cp311-win_amd64.whl (36.6 MB)
Collecting soundfile
  Using cached soundfile-0.14.0-py2.py3-none-win_amd64.whl (1.0 MB)
Collecting sox<=1.5.0
  Downloading sox-1.5.0.tar.gz (63 kB)
     ---------------------------------------- 63.9/63.9 kB ? eta 0:00:00
  Preparing metadata (setup.py): started
  Preparing metadata (setup.py): finished with status 'done'
Collecting whisper_normalizer
  Downloading whisper_normalizer-0.1.12-py3-none-any.whl (36 kB)
Collecting datasets
  Downloading datasets-5.0.0-py3-none-any.whl (555 kB)
     ---------------------------------------- 555.1/555.1 kB ? eta 0:00:00
Collecting inflect
  Using cached inflect-7.5.0-py3-none-any.whl (35 kB)
Collecting mediapy==1.1.6
  Downloading mediapy-1.1.6-py3-none-any.whl (24 kB)
Collecting pandas
  Downloading pandas-3.0.3-cp311-cp311-win_amd64.whl (9.9 MB)
     ---------------------------------------- 9.9/9.9 MB 79.2 MB/s eta 0:00:00
Collecting sacremoses>=0.0.43
  Downloading sacremoses-0.1.1-py3-none-any.whl (897 kB)
     ------------------------------------- 897.5/897.5 kB 55.5 MB/s eta 0:00:00
Collecting sentencepiece<1.0.0
  Downloading sentencepiece-0.2.1-cp311-cp311-win_amd64.whl (1.1 MB)
     ---------------------------------------- 1.1/1.1 MB 65.3 MB/s eta 0:00:00
Collecting cloudpickle
  Downloading cloudpickle-3.1.2-py3-none-any.whl (22 kB)
Collecting fiddle
  Downloading fiddle-0.3.0-py3-none-any.whl (419 kB)
     ------------------------------------- 419.8/419.8 kB 25.6 MB/s eta 0:00:00
Collecting hydra-core<=1.3.2,>1.3
  Downloading hydra_core-1.3.2-py3-none-any.whl (154 kB)
     -------------------------------------- 154.5/154.5 kB 9.0 MB/s eta 0:00:00
Collecting lightning<=2.4.0,>2.2.1
  Downloading lightning-2.4.0-py3-none-any.whl (810 kB)
     ------------------------------------- 811.0/811.0 kB 50.0 MB/s eta 0:00:00
Collecting omegaconf<=2.3
  Downloading omegaconf-2.3.0-py3-none-any.whl (79 kB)
     ---------------------------------------- 79.5/79.5 kB 4.3 MB/s eta 0:00:00
Collecting peft
  Downloading peft-0.19.1-py3-none-any.whl (680 kB)
     ------------------------------------- 680.7/680.7 kB 44.7 MB/s eta 0:00:00
Collecting torchmetrics>=0.11.0
  Downloading torchmetrics-1.9.0-py3-none-any.whl (983 kB)
     ------------------------------------- 983.4/983.4 kB 60.8 MB/s eta 0:00:00
Collecting transformers~=4.57.0
  Downloading transformers-4.57.6-py3-none-any.whl (12.0 MB)
     --------------------------------------- 12.0/12.0 MB 72.5 MB/s eta 0:00:00
Collecting wandb
  Downloading wandb-0.27.2-py3-none-win_amd64.whl (24.2 MB)
     --------------------------------------- 24.2/24.2 MB 73.0 MB/s eta 0:00:00
Collecting webdataset>=0.2.86
  Downloading webdataset-1.0.2-py3-none-any.whl (74 kB)
     ---------------------------------------- 75.0/75.0 kB ? eta 0:00:00
Collecting nv_one_logger_core>=2.3.1
  Downloading nv_one_logger_core-2.3.1-py3-none-any.whl (63 kB)
     ---------------------------------------- 63.1/63.1 kB ? eta 0:00:00
Collecting nv_one_logger_training_telemetry>=2.3.1
  Downloading nv_one_logger_training_telemetry-2.3.1-py3-none-any.whl (44 kB)
     ---------------------------------------- 44.1/44.1 kB 2.1 MB/s eta 0:00:00
Collecting nv_one_logger_pytorch_lightning_integration>=2.3.1
  Downloading nv_one_logger_pytorch_lightning_integration-2.3.1-py3-none-any.whl (9.8 kB)
Collecting ipython
  Downloading ipython-9.14.1-py3-none-any.whl (627 kB)
     ------------------------------------- 627.8/627.8 kB 41.2 MB/s eta 0:00:00
Collecting matplotlib
  Using cached matplotlib-3.11.0-cp311-cp311-win_amd64.whl (9.3 MB)
Collecting Pillow
  Using cached pillow-12.2.0-cp311-cp311-win_amd64.whl (7.1 MB)
Collecting click>=8.4.0
  Using cached click-8.4.1-py3-none-any.whl (116 kB)
Requirement already satisfied: filelock>=3.10.0 in e:\myworx\jarvis\stt_service\venv\lib\site-packages (from huggingface_hub>=0.24->nemo_toolkit[asr]) (3.29.0)
Collecting hf-xet<2.0.0,>=1.5.1
  Using cached hf_xet-1.5.1-cp37-abi3-win_amd64.whl (4.0 MB)
Collecting httpx<1,>=0.23.0
  Using cached httpx-0.28.1-py3-none-any.whl (73 kB)
Collecting pyyaml>=5.1
  Using cached pyyaml-6.0.3-cp311-cp311-win_amd64.whl (158 kB)
Collecting typer<0.26.0,>=0.20.0
  Using cached typer-0.25.1-py3-none-any.whl (58 kB)
Requirement already satisfied: typing-extensions>=4.1.0 in e:\myworx\jarvis\stt_service\venv\lib\site-packages (from huggingface_hub>=0.24->nemo_toolkit[asr]) (4.9.0)
Collecting antlr4-python3-runtime==4.9.*
  Downloading antlr4-python3-runtime-4.9.3.tar.gz (117 kB)
     ---------------------------------------- 117.0/117.0 kB ? eta 0:00:00
  Preparing metadata (setup.py): started
  Preparing metadata (setup.py): finished with status 'done'
Collecting rapidfuzz>=3.9.7
  Downloading rapidfuzz-3.14.5-cp311-cp311-win_amd64.whl (1.5 MB)
     ---------------------------------------- 1.5/1.5 MB 96.0 MB/s eta 0:00:00
Collecting audioread>=2.1.9
  Using cached audioread-3.1.0-py3-none-any.whl (23 kB)
Collecting cytoolz>=0.10.1
  Downloading cytoolz-1.1.0-cp311-cp311-win_amd64.whl (945 kB)
     ------------------------------------- 945.8/945.8 kB 62.4 MB/s eta 0:00:00
Collecting intervaltree>=3.1.0
  Downloading intervaltree-3.2.1-py2.py3-none-any.whl (25 kB)
Collecting tabulate>=0.8.1
  Downloading tabulate-0.10.0-py3-none-any.whl (39 kB)
Collecting numba>=0.51.0
  Using cached numba-0.65.1-cp311-cp311-win_amd64.whl (2.7 MB)
Collecting joblib>=1.0
  Using cached joblib-1.5.3-py3-none-any.whl (309 kB)
Collecting decorator>=4.3.0
  Using cached decorator-5.3.1-py3-none-any.whl (10 kB)
Collecting pooch>=1.1
  Using cached pooch-1.9.0-py3-none-any.whl (67 kB)
Collecting soxr>=0.3.2
  Using cached soxr-1.1.0-cp311-cp311-win_amd64.whl (176 kB)
Collecting lazy_loader>=0.1
  Using cached lazy_loader-0.5-py3-none-any.whl (8.0 kB)
Collecting msgpack>=1.0
  Using cached msgpack-1.2.0-cp311-cp311-win_amd64.whl (70 kB)
Collecting fsspec[http]<2026.0,>=2022.5.0
  Downloading fsspec-2025.12.0-py3-none-any.whl (201 kB)
     ------------------------------------- 201.4/201.4 kB 11.9 MB/s eta 0:00:00
Collecting lightning-utilities<2.0,>=0.10.0
  Downloading lightning_utilities-0.15.3-py3-none-any.whl (31 kB)
Collecting packaging
  Downloading packaging-24.2-py3-none-any.whl (65 kB)
     ---------------------------------------- 65.5/65.5 kB 3.5 MB/s eta 0:00:00
Collecting pytorch-lightning
  Downloading pytorch_lightning-2.6.5-py3-none-any.whl (852 kB)
     ------------------------------------- 852.4/852.4 kB 52.6 MB/s eta 0:00:00
Collecting StrEnum<0.5.0,>=0.4.0
  Downloading StrEnum-0.4.15-py3-none-any.whl (8.9 kB)
Collecting overrides<8.0.0,>=7.7.0
  Downloading overrides-7.7.0-py3-none-any.whl (17 kB)
Collecting pydantic<3.0.0,>=2.10.6
  Using cached pydantic-2.13.4-py3-none-any.whl (472 kB)
Collecting toml<0.11.0,>=0.10.2
  Downloading toml-0.10.2-py2.py3-none-any.whl (16 kB)
Collecting typing-extensions>=4.1.0
  Using cached typing_extensions-4.15.0-py3-none-any.whl (44 kB)
Collecting ml_dtypes>=0.5.4
  Downloading ml_dtypes-0.5.4-cp311-cp311-win_amd64.whl (210 kB)
     ---------------------------------------- 210.7/210.7 kB ? eta 0:00:00
Collecting regex
  Using cached regex-2026.5.9-cp311-cp311-win_amd64.whl (278 kB)
Collecting narwhals>=2.0.1
  Using cached narwhals-2.22.1-py3-none-any.whl (454 kB)
Collecting threadpoolctl>=3.5.0
  Using cached threadpoolctl-3.6.0-py3-none-any.whl (18 kB)
Collecting cffi>=1.0
  Using cached cffi-2.0.0-cp311-cp311-win_amd64.whl (182 kB)
Collecting setuptools>=70.0.0
  Using cached setuptools-81.0.0-py3-none-any.whl (1.1 MB)
Requirement already satisfied: sympy>=1.13.3 in e:\myworx\jarvis\stt_service\venv\lib\site-packages (from torch>=2.6.0->nemo_toolkit[asr]) (1.14.0)
Requirement already satisfied: networkx>=2.5.1 in e:\myworx\jarvis\stt_service\venv\lib\site-packages (from torch>=2.6.0->nemo_toolkit[asr]) (3.6.1)
Requirement already satisfied: jinja2 in e:\myworx\jarvis\stt_service\venv\lib\site-packages (from torch>=2.6.0->nemo_toolkit[asr]) (3.1.3)
Collecting colorama
  Using cached colorama-0.4.6-py2.py3-none-any.whl (25 kB)
Collecting huggingface_hub>=0.24
  Using cached huggingface_hub-0.36.2-py3-none-any.whl (566 kB)
Collecting requests
  Using cached requests-2.34.2-py3-none-any.whl (73 kB)
Collecting tokenizers<=0.23.0,>=0.22.0
  Using cached tokenizers-0.22.2-cp39-abi3-win_amd64.whl (2.7 MB)
Collecting safetensors>=0.4.3
  Using cached safetensors-0.8.0-cp310-abi3-win_amd64.whl (355 kB)
Collecting cuda-pathfinder>=1.4.2
  Downloading cuda_pathfinder-1.5.5-py3-none-any.whl (51 kB)
     ---------------------------------------- 51.7/51.7 kB ? eta 0:00:00
Collecting pyarrow>=21.0.0
  Downloading pyarrow-24.0.0-cp311-cp311-win_amd64.whl (27.3 MB)
     --------------------------------------- 27.3/27.3 MB 93.8 MB/s eta 0:00:00
Collecting dill<0.4.2,>=0.3.0
  Downloading dill-0.4.1-py3-none-any.whl (120 kB)
     ---------------------------------------- 120.0/120.0 kB ? eta 0:00:00
Collecting xxhash
  Downloading xxhash-3.7.0-cp311-cp311-win_amd64.whl (31 kB)
Collecting multiprocess<0.70.20
  Downloading multiprocess-0.70.19-py311-none-any.whl (144 kB)
     ---------------------------------------- 144.5/144.5 kB ? eta 0:00:00
Collecting absl-py
  Using cached absl_py-2.4.0-py3-none-any.whl (135 kB)
Collecting graphviz
  Downloading graphviz-0.21-py3-none-any.whl (47 kB)
     ---------------------------------------- 47.3/47.3 kB ? eta 0:00:00
Collecting libcst
  Downloading libcst-1.8.6-cp311-cp311-win_amd64.whl (2.1 MB)
     ---------------------------------------- 2.1/2.1 MB 4.8 MB/s eta 0:00:00
Collecting more_itertools>=8.5.0
  Using cached more_itertools-11.1.0-py3-none-any.whl (72 kB)
Collecting typeguard>=4.0.1
  Using cached typeguard-4.5.2-py3-none-any.whl (36 kB)
Collecting alembic>=1.5.0
  Downloading alembic-1.18.4-py3-none-any.whl (263 kB)
     ------------------------------------- 263.9/263.9 kB 15.9 MB/s eta 0:00:00
Collecting colorlog
  Downloading colorlog-6.10.1-py3-none-any.whl (11 kB)
Collecting sqlalchemy>=1.4.2
  Downloading sqlalchemy-2.0.51-cp311-cp311-win_amd64.whl (2.1 MB)
     ---------------------------------------- 2.1/2.1 MB 142.4 MB/s eta 0:00:00
Collecting tzdata
  Using cached tzdata-2026.2-py2.py3-none-any.whl (349 kB)
Collecting six>=1.5
  Using cached six-1.17.0-py2.py3-none-any.whl (11 kB)
Collecting psutil
  Using cached psutil-7.2.2-cp37-abi3-win_amd64.whl (137 kB)
Collecting accelerate>=0.21.0
  Using cached accelerate-1.14.0-py3-none-any.whl (389 kB)
Collecting sortedcontainers>=2.4.0
  Downloading sortedcontainers-2.4.0-py2.py3-none-any.whl (29 kB)
Collecting pyannote-database>=6.0.0
  Downloading pyannote_database-6.1.1-py3-none-any.whl (53 kB)
     ---------------------------------------- 53.7/53.7 kB ? eta 0:00:00
Collecting portalocker
  Downloading portalocker-3.2.0-py3-none-any.whl (22 kB)
Collecting lxml
  Downloading lxml-6.1.1-cp311-cp311-win_amd64.whl (4.0 MB)
     ---------------------------------------- 4.0/4.0 MB 64.8 MB/s eta 0:00:00
Collecting grpcio>=1.48.2
  Using cached grpcio-1.81.1-cp311-cp311-win_amd64.whl (4.9 MB)
Collecting markdown>=2.6.8
  Using cached markdown-3.10.2-py3-none-any.whl (108 kB)
Collecting tensorboard-data-server<0.8.0,>=0.7.0
  Using cached tensorboard_data_server-0.7.2-py3-none-any.whl (2.4 kB)
Collecting werkzeug>=1.0.1
  Using cached werkzeug-3.1.8-py3-none-any.whl (226 kB)
Collecting gitpython!=3.1.29,>=1.0.0
  Downloading gitpython-3.1.50-py3-none-any.whl (212 kB)
     ---------------------------------------- 212.5/212.5 kB ? eta 0:00:00
Collecting platformdirs
  Using cached platformdirs-4.10.0-py3-none-any.whl (22 kB)
Collecting sentry-sdk>=2.0.0
  Downloading sentry_sdk-2.63.0-py3-none-any.whl (495 kB)
     ---------------------------------------- 495.9/495.9 kB ? eta 0:00:00
Collecting indic-numtowords
  Downloading indic_numtowords-1.1.0-py3-none-any.whl (71 kB)
     ---------------------------------------- 71.6/71.6 kB ? eta 0:00:00
Collecting Mako
  Downloading mako-1.3.12-py3-none-any.whl (78 kB)
     ---------------------------------------- 78.5/78.5 kB 4.6 MB/s eta 0:00:00
Collecting pycparser
  Using cached pycparser-3.0-py3-none-any.whl (48 kB)
Collecting toolz>=0.8.0
  Downloading toolz-1.1.0-py3-none-any.whl (58 kB)
     ---------------------------------------- 58.1/58.1 kB ? eta 0:00:00
Collecting fsspec[http]<2026.0,>=2022.5.0
  Downloading fsspec-2025.10.0-py3-none-any.whl (200 kB)
     ------------------------------------- 201.0/201.0 kB 11.9 MB/s eta 0:00:00
  Downloading fsspec-2025.9.0-py3-none-any.whl (199 kB)
     ---------------------------------------- 199.3/199.3 kB ? eta 0:00:00
  Downloading fsspec-2025.7.0-py3-none-any.whl (199 kB)
     ------------------------------------- 199.6/199.6 kB 12.6 MB/s eta 0:00:00
  Downloading fsspec-2025.5.1-py3-none-any.whl (199 kB)
     ---------------------------------------- 199.1/199.1 kB ? eta 0:00:00
  Downloading fsspec-2025.5.0-py3-none-any.whl (196 kB)
     ------------------------------------- 196.2/196.2 kB 11.6 MB/s eta 0:00:00
  Downloading fsspec-2025.3.2-py3-none-any.whl (194 kB)
     ------------------------------------- 194.4/194.4 kB 11.5 MB/s eta 0:00:00
  Downloading fsspec-2025.3.0-py3-none-any.whl (193 kB)
     ---------------------------------------- 193.6/193.6 kB ? eta 0:00:00
  Downloading fsspec-2025.2.0-py3-none-any.whl (184 kB)
     ---------------------------------------- 184.5/184.5 kB ? eta 0:00:00
Collecting aiohttp!=4.0.0a0,!=4.0.0a1
  Using cached aiohttp-3.14.1-cp311-cp311-win_amd64.whl (483 kB)
Collecting gitdb<5,>=4.0.1
  Downloading gitdb-4.0.12-py3-none-any.whl (62 kB)
     ---------------------------------------- 62.8/62.8 kB 3.3 MB/s eta 0:00:00
Collecting anyio
  Downloading anyio-4.14.0-py3-none-any.whl (123 kB)
     ---------------------------------------- 123.5/123.5 kB ? eta 0:00:00
Collecting certifi
  Downloading certifi-2026.6.17-py3-none-any.whl (133 kB)
     -------------------------------------- 133.3/133.3 kB 8.2 MB/s eta 0:00:00
Collecting httpcore==1.*
  Using cached httpcore-1.0.9-py3-none-any.whl (78 kB)
Collecting idna
  Using cached idna-3.18-py3-none-any.whl (65 kB)
Collecting h11>=0.16
  Using cached h11-0.16.0-py3-none-any.whl (37 kB)
Collecting llvmlite<0.48,>=0.47.0dev0
  Using cached llvmlite-0.47.0-cp311-cp311-win_amd64.whl (38.1 MB)
Collecting annotated-types>=0.6.0
  Using cached annotated_types-0.7.0-py3-none-any.whl (13 kB)
Collecting pydantic-core==2.46.4
  Using cached pydantic_core-2.46.4-cp311-cp311-win_amd64.whl (2.1 MB)
Collecting typing-inspection>=0.4.2
  Using cached typing_inspection-0.4.2-py3-none-any.whl (14 kB)
Collecting charset_normalizer<4,>=2
  Using cached charset_normalizer-3.4.7-cp311-cp311-win_amd64.whl (159 kB)
Collecting urllib3<3,>=1.26
  Using cached urllib3-2.7.0-py3-none-any.whl (131 kB)
Collecting greenlet>=1
  Downloading greenlet-3.5.1-cp311-cp311-win_amd64.whl (238 kB)
     ------------------------------------- 238.1/238.1 kB 14.2 MB/s eta 0:00:00
Requirement already satisfied: mpmath<1.4,>=1.1.0 in e:\myworx\jarvis\stt_service\venv\lib\site-packages (from sympy>=1.13.3->torch>=2.6.0->nemo_toolkit[asr]) (1.3.0)
Collecting shellingham>=1.3.0
  Using cached shellingham-1.5.4-py2.py3-none-any.whl (9.8 kB)
Collecting rich>=13.8.0
  Using cached rich-15.0.0-py3-none-any.whl (310 kB)
Collecting annotated-doc>=0.0.2
  Using cached annotated_doc-0.0.4-py3-none-any.whl (5.3 kB)
Requirement already satisfied: markupsafe>=2.1.1 in e:\myworx\jarvis\stt_service\venv\lib\site-packages (from werkzeug>=1.0.1->tensorboard->nemo_toolkit[asr]) (3.0.3)
Collecting ipython-pygments-lexers>=1.0.0
  Downloading ipython_pygments_lexers-1.1.1-py3-none-any.whl (8.1 kB)
Collecting jedi>=0.18.2
  Downloading jedi-0.20.0-py2.py3-none-any.whl (4.9 MB)
     ---------------------------------------- 4.9/4.9 MB 77.4 MB/s eta 0:00:00
Collecting matplotlib-inline>=0.1.6
  Downloading matplotlib_inline-0.2.2-py3-none-any.whl (9.5 kB)
Collecting prompt_toolkit<3.1.0,>=3.0.41
  Downloading prompt_toolkit-3.0.52-py3-none-any.whl (391 kB)
     ---------------------------------------- 391.4/391.4 kB ? eta 0:00:00
Collecting pygments>=2.14.0
  Using cached pygments-2.20.0-py3-none-any.whl (1.2 MB)
Collecting stack_data>=0.6.0
  Downloading stack_data-0.6.3-py3-none-any.whl (24 kB)
Collecting traitlets>=5.13.0
  Downloading traitlets-5.15.1-py3-none-any.whl (85 kB)
     ---------------------------------------- 85.9/85.9 kB ? eta 0:00:00
Collecting contourpy>=1.0.1
  Using cached contourpy-1.3.3-cp311-cp311-win_amd64.whl (225 kB)
Collecting cycler>=0.10
  Using cached cycler-0.12.1-py3-none-any.whl (8.3 kB)
Collecting fonttools>=4.22.0
  Using cached fonttools-4.63.0-cp311-cp311-win_amd64.whl (2.4 MB)
Collecting kiwisolver>=1.3.1
  Using cached kiwisolver-1.5.0-cp311-cp311-win_amd64.whl (73 kB)
Collecting pyparsing>=3
  Using cached pyparsing-3.3.2-py3-none-any.whl (122 kB)
Collecting pywin32>=226
  Downloading pywin32-312-cp311-cp311-win_amd64.whl (6.9 MB)
     ---------------------------------------- 6.9/6.9 MB 87.6 MB/s eta 0:00:00
Collecting aiohappyeyeballs>=2.5.0
  Using cached aiohappyeyeballs-2.6.2-py3-none-any.whl (15 kB)
Collecting aiosignal>=1.4.0
  Using cached aiosignal-1.4.0-py3-none-any.whl (7.5 kB)
Collecting attrs>=17.3.0
  Using cached attrs-26.1.0-py3-none-any.whl (67 kB)
Collecting frozenlist>=1.1.1
  Using cached frozenlist-1.8.0-cp311-cp311-win_amd64.whl (44 kB)
Collecting multidict<7.0,>=4.5
  Using cached multidict-6.7.1-cp311-cp311-win_amd64.whl (45 kB)
Collecting propcache>=0.2.0
  Using cached propcache-0.5.2-cp311-cp311-win_amd64.whl (42 kB)
Collecting yarl<2.0,>=1.17.0
  Using cached yarl-1.24.2-cp311-cp311-win_amd64.whl (92 kB)
Collecting smmap<6,>=3.0.1
  Downloading smmap-5.0.3-py3-none-any.whl (24 kB)
Collecting parso<0.9.0,>=0.8.6
  Downloading parso-0.8.7-py2.py3-none-any.whl (107 kB)
     ---------------------------------------- 107.0/107.0 kB ? eta 0:00:00
Collecting wcwidth
  Downloading wcwidth-0.8.1-py3-none-any.whl (323 kB)
     ---------------------------------------- 323.1/323.1 kB ? eta 0:00:00
Collecting markdown-it-py>=2.2.0
  Using cached markdown_it_py-4.2.0-py3-none-any.whl (91 kB)
Collecting executing>=1.2.0
  Downloading executing-2.2.1-py2.py3-none-any.whl (28 kB)
Collecting asttokens>=2.1.0
  Downloading asttokens-3.0.1-py3-none-any.whl (27 kB)
Collecting pure-eval
  Downloading pure_eval-0.2.3-py3-none-any.whl (11 kB)
Collecting mdurl~=0.1
  Using cached mdurl-0.1.2-py3-none-any.whl (10.0 kB)
Installing collected packages: wget, text-unidecode, StrEnum, sortedcontainers, pydub, pure-eval, kaldialign, braceexpand, antlr4-python3-runtime, xxhash, wrapt, werkzeug, wcwidth, urllib3, tzdata, typing-extensions, traitlets, toolz, toml, threadpoolctl, tensorboard-data-server, tabulate, smmap, six, setuptools, sentencepiece, safetensors, ruamel.yaml, regex, rapidfuzz, pyyaml, pywin32, pyparsing, pygments, pycparser, pyarrow, psutil, protobuf, propcache, platformdirs, Pillow, parso, packaging, overrides, numpy, narwhals, multidict, msgpack, more_itertools, marshmallow, markdown, Mako, lxml, llvmlite, kiwisolver, joblib, intervaltree, indic-numtowords, idna, h11, greenlet, graphviz, fsspec, frozenlist, fonttools, executing, einops, editdistance, dill, decorator, cycler, cuda-pathfinder, colorama, cloudpickle, charset_normalizer, certifi, audioread, attrs, asttokens, annotated-types, aiohappyeyeballs, absl-py, yarl, whisper_normalizer, webdataset, typing-inspection, typeguard, tqdm, torch, stack_data, sqlalchemy, soxr, sox, sentry-sdk, scipy, requests, python-dateutil, pydantic-core, prompt_toolkit, portalocker, omegaconf, numexpr, numba, multiprocess, ml_dtypes, matplotlib-inline, lightning-utilities, libcst, lazy_loader, kaldi-python-io, jedi, ipython-pygments-lexers, httpcore, grpcio, gitdb, cytoolz, cuda-bindings, contourpy, colorlog, click, cffi, anyio, aiosignal, torchmetrics, tensorboard, soundfile, scikit-learn, sacremoses, sacrebleu, resampy, pyloudnorm, pydantic, pooch, pandas, onnx, matplotlib, jiwer, ipython, inflect, hydra-core, huggingface_hub, httpx, gitpython, fiddle, alembic, aiohttp, wandb, tokenizers, pyannote.core, optuna, nv_one_logger_core, nemo_toolkit, mediapy, librosa, lhotse, accelerate, transformers, pytorch-lightning, pyannote-database, nv_one_logger_training_telemetry, datasets, pyannote.metrics, peft, lightning, nv_one_logger_pytorch_lightning_integration
  Running setup.py install for wget: started
  Running setup.py install for wget: finished with status 'done'
  Running setup.py install for antlr4-python3-runtime: started
  Running setup.py install for antlr4-python3-runtime: finished with status 'done'
  Attempting uninstall: typing-extensions
    Found existing installation: typing_extensions 4.9.0
    Uninstalling typing_extensions-4.9.0:
      Successfully uninstalled typing_extensions-4.9.0
  Attempting uninstall: setuptools
    Found existing installation: setuptools 65.5.0
    Uninstalling setuptools-65.5.0:
      Successfully uninstalled setuptools-65.5.0
  Attempting uninstall: fsspec
    Found existing installation: fsspec 2026.4.0
    Uninstalling fsspec-2026.4.0:
      Successfully uninstalled fsspec-2026.4.0
  Attempting uninstall: torch
    Found existing installation: torch 2.1.2+cu121
    Uninstalling torch-2.1.2+cu121:
      Successfully uninstalled torch-2.1.2+cu121
  Running setup.py install for sox: started
  Running setup.py install for sox: finished with status 'done'
  Running setup.py install for kaldi-python-io: started
  Running setup.py install for kaldi-python-io: finished with status 'done'
Successfully installed Mako-1.3.12 Pillow-12.2.0 StrEnum-0.4.15 absl-py-2.4.0 accelerate-1.14.0 aiohappyeyeballs-2.6.2 aiohttp-3.14.1 aiosignal-1.4.0 alembic-1.18.4 annotated-types-0.7.0 antlr4-python3-runtime-4.9.3 anyio-4.14.0 asttokens-3.0.1 attrs-26.1.0 audioread-3.1.0 braceexpand-0.1.7 certifi-2026.6.17 cffi-2.0.0 charset_normalizer-3.4.7 click-8.4.1 cloudpickle-3.1.2 colorama-0.4.6 colorlog-6.10.1 contourpy-1.3.3 cuda-bindings-13.3.1 cuda-pathfinder-1.5.5 cycler-0.12.1 cytoolz-1.1.0 datasets-5.0.0 decorator-5.3.1 dill-0.4.1 editdistance-0.8.1 einops-0.8.2 executing-2.2.1 fiddle-0.3.0 fonttools-4.63.0 frozenlist-1.8.0 fsspec-2024.12.0 gitdb-4.0.12 gitpython-3.1.50 graphviz-0.21 greenlet-3.5.1 grpcio-1.81.1 h11-0.16.0 httpcore-1.0.9 httpx-0.28.1 huggingface_hub-0.36.2 hydra-core-1.3.2 idna-3.18 indic-numtowords-1.1.0 inflect-7.5.0 intervaltree-3.2.1 ipython-9.14.1 ipython-pygments-lexers-1.1.1 jedi-0.20.0 jiwer-3.1.0 joblib-1.5.3 kaldi-python-io-1.2.2 kaldialign-0.9.1 kiwisolver-1.5.0 lazy_loader-0.5 lhotse-1.33.0 libcst-1.8.6 librosa-0.11.0 lightning-2.4.0 lightning-utilities-0.15.3 llvmlite-0.47.0 lxml-6.1.1 markdown-3.10.2 marshmallow-4.3.0 matplotlib-3.11.0 matplotlib-inline-0.2.2 mediapy-1.1.6 ml_dtypes-0.5.4 more_itertools-11.1.0 msgpack-1.2.0 multidict-6.7.1 multiprocess-0.70.19 narwhals-2.22.1 nemo_toolkit-2.7.3 numba-0.65.1 numexpr-2.13.1 numpy-2.4.6 nv_one_logger_core-2.3.1 nv_one_logger_pytorch_lightning_integration-2.3.1 nv_one_logger_training_telemetry-2.3.1 omegaconf-2.3.0 onnx-1.22.0 optuna-4.9.0 overrides-7.7.0 packaging-24.2 pandas-3.0.3 parso-0.8.7 peft-0.19.1 platformdirs-4.10.0 pooch-1.9.0 portalocker-3.2.0 prompt_toolkit-3.0.52 propcache-0.5.2 protobuf-5.29.6 psutil-7.2.2 pure-eval-0.2.3 pyannote-database-6.1.1 pyannote.core-6.0.1 pyannote.metrics-4.1 pyarrow-24.0.0 pycparser-3.0 pydantic-2.13.4 pydantic-core-2.46.4 pydub-0.25.1 pygments-2.20.0 pyloudnorm-0.2.0 pyparsing-3.3.2 python-dateutil-2.9.0.post0 pytorch-lightning-2.6.5 pywin32-312 pyyaml-6.0.3 rapidfuzz-3.14.5 regex-2026.5.9 requests-2.34.2 resampy-0.4.3 ruamel.yaml-0.19.1 sacrebleu-2.6.0 sacremoses-0.1.1 safetensors-0.8.0 scikit-learn-1.9.0 scipy-1.17.1 sentencepiece-0.2.1 sentry-sdk-2.63.0 setuptools-81.0.0 six-1.17.0 smmap-5.0.3 sortedcontainers-2.4.0 soundfile-0.14.0 sox-1.5.0 soxr-1.1.0 sqlalchemy-2.0.51 stack_data-0.6.3 tabulate-0.10.0 tensorboard-2.20.0 tensorboard-data-server-0.7.2 text-unidecode-1.3 threadpoolctl-3.6.0 tokenizers-0.22.2 toml-0.10.2 toolz-1.1.0 torch-2.12.0 torchmetrics-1.9.0 tqdm-4.68.3 traitlets-5.15.1 transformers-4.57.6 typeguard-4.5.2 typing-extensions-4.15.0 typing-inspection-0.4.2 tzdata-2026.2 urllib3-2.7.0 wandb-0.27.2 wcwidth-0.8.1 webdataset-1.0.2 werkzeug-3.1.8 wget-3.2 whisper_normalizer-0.1.12 wrapt-2.2.1 xxhash-3.7.0 yarl-1.24.2
[STT Setup] Installing "numpy<2" to pin numpy for torch compatibility...
Collecting numpy<2
  Using cached numpy-1.26.4-cp311-cp311-win_amd64.whl (15.8 MB)
Installing collected packages: numpy
  Attempting uninstall: numpy
    Found existing installation: numpy 2.4.6
    Uninstalling numpy-2.4.6:
      Successfully uninstalled numpy-2.4.6
Successfully installed numpy-1.26.4
[STT Setup] Installing supporting packages...
Collecting fastapi
  Using cached fastapi-0.137.1-py3-none-any.whl (121 kB)
Collecting uvicorn
  Using cached uvicorn-0.49.0-py3-none-any.whl (71 kB)
Collecting python-multipart
  Downloading python_multipart-0.0.32-py3-none-any.whl (30 kB)
Requirement already satisfied: soundfile in e:\myworx\jarvis\stt_service\venv\lib\site-packages (0.14.0)
Requirement already satisfied: librosa in e:\myworx\jarvis\stt_service\venv\lib\site-packages (0.11.0)
Collecting starlette>=0.46.0
  Using cached starlette-1.3.1-py3-none-any.whl (73 kB)
Requirement already satisfied: pydantic>=2.9.0 in e:\myworx\jarvis\stt_service\venv\lib\site-packages (from fastapi) (2.13.4)
Requirement already satisfied: typing-extensions>=4.8.0 in e:\myworx\jarvis\stt_service\venv\lib\site-packages (from fastapi) (4.15.0)
Requirement already satisfied: typing-inspection>=0.4.2 in e:\myworx\jarvis\stt_service\venv\lib\site-packages (from fastapi) (0.4.2)
Collecting annotated-doc>=0.0.2
  Using cached annotated_doc-0.0.4-py3-none-any.whl (5.3 kB)
Requirement already satisfied: click>=7.0 in e:\myworx\jarvis\stt_service\venv\lib\site-packages (from uvicorn) (8.4.1)
Requirement already satisfied: h11>=0.8 in e:\myworx\jarvis\stt_service\venv\lib\site-packages (from uvicorn) (0.16.0)
Requirement already satisfied: cffi>=1.0 in e:\myworx\jarvis\stt_service\venv\lib\site-packages (from soundfile) (2.0.0)
Requirement already satisfied: numpy in e:\myworx\jarvis\stt_service\venv\lib\site-packages (from soundfile) (1.26.4)
Requirement already satisfied: audioread>=2.1.9 in e:\myworx\jarvis\stt_service\venv\lib\site-packages (from librosa) (3.1.0)
Requirement already satisfied: numba>=0.51.0 in e:\myworx\jarvis\stt_service\venv\lib\site-packages (from librosa) (0.65.1)
Requirement already satisfied: scipy>=1.6.0 in e:\myworx\jarvis\stt_service\venv\lib\site-packages (from librosa) (1.17.1)
Requirement already satisfied: scikit-learn>=1.1.0 in e:\myworx\jarvis\stt_service\venv\lib\site-packages (from librosa) (1.9.0)
Requirement already satisfied: joblib>=1.0 in e:\myworx\jarvis\stt_service\venv\lib\site-packages (from librosa) (1.5.3)
Requirement already satisfied: decorator>=4.3.0 in e:\myworx\jarvis\stt_service\venv\lib\site-packages (from librosa) (5.3.1)
Requirement already satisfied: pooch>=1.1 in e:\myworx\jarvis\stt_service\venv\lib\site-packages (from librosa) (1.9.0)
Requirement already satisfied: soxr>=0.3.2 in e:\myworx\jarvis\stt_service\venv\lib\site-packages (from librosa) (1.1.0)
Requirement already satisfied: lazy_loader>=0.1 in e:\myworx\jarvis\stt_service\venv\lib\site-packages (from librosa) (0.5)
Requirement already satisfied: msgpack>=1.0 in e:\myworx\jarvis\stt_service\venv\lib\site-packages (from librosa) (1.2.0)
Requirement already satisfied: pycparser in e:\myworx\jarvis\stt_service\venv\lib\site-packages (from cffi>=1.0->soundfile) (3.0)
Requirement already satisfied: colorama in e:\myworx\jarvis\stt_service\venv\lib\site-packages (from click>=7.0->uvicorn) (0.4.6)
Requirement already satisfied: packaging in e:\myworx\jarvis\stt_service\venv\lib\site-packages (from lazy_loader>=0.1->librosa) (24.2)
Requirement already satisfied: llvmlite<0.48,>=0.47.0dev0 in e:\myworx\jarvis\stt_service\venv\lib\site-packages (from numba>=0.51.0->librosa) (0.47.0)
Requirement already satisfied: platformdirs>=2.5.0 in e:\myworx\jarvis\stt_service\venv\lib\site-packages (from pooch>=1.1->librosa) (4.10.0)
Requirement already satisfied: requests>=2.19.0 in e:\myworx\jarvis\stt_service\venv\lib\site-packages (from pooch>=1.1->librosa) (2.34.2)
Requirement already satisfied: annotated-types>=0.6.0 in e:\myworx\jarvis\stt_service\venv\lib\site-packages (from pydantic>=2.9.0->fastapi) (0.7.0)
Requirement already satisfied: pydantic-core==2.46.4 in e:\myworx\jarvis\stt_service\venv\lib\site-packages (from pydantic>=2.9.0->fastapi) (2.46.4)
Requirement already satisfied: narwhals>=2.0.1 in e:\myworx\jarvis\stt_service\venv\lib\site-packages (from scikit-learn>=1.1.0->librosa) (2.22.1)
Requirement already satisfied: threadpoolctl>=3.5.0 in e:\myworx\jarvis\stt_service\venv\lib\site-packages (from scikit-learn>=1.1.0->librosa) (3.6.0)
Requirement already satisfied: anyio<5,>=3.6.2 in e:\myworx\jarvis\stt_service\venv\lib\site-packages (from starlette>=0.46.0->fastapi) (4.14.0)
Requirement already satisfied: idna>=2.8 in e:\myworx\jarvis\stt_service\venv\lib\site-packages (from anyio<5,>=3.6.2->starlette>=0.46.0->fastapi) (3.18)
Requirement already satisfied: charset_normalizer<4,>=2 in e:\myworx\jarvis\stt_service\venv\lib\site-packages (from requests>=2.19.0->pooch>=1.1->librosa) (3.4.7)
Requirement already satisfied: urllib3<3,>=1.26 in e:\myworx\jarvis\stt_service\venv\lib\site-packages (from requests>=2.19.0->pooch>=1.1->librosa) (2.7.0)
Requirement already satisfied: certifi>=2023.5.7 in e:\myworx\jarvis\stt_service\venv\lib\site-packages (from requests>=2.19.0->pooch>=1.1->librosa) (2026.6.17)
Installing collected packages: python-multipart, annotated-doc, uvicorn, starlette, fastapi
Successfully installed annotated-doc-0.0.4 fastapi-0.137.1 python-multipart-0.0.32 starlette-1.3.1 uvicorn-0.49.0
[STT Setup] Done. Run start.bat to launch Parakeet STT.
Press any key to continue . . . 
